IQ-TREE multicore version 2.2.6 COVID-edition for Linux 64-bit built Dec  8 2023
Developed by Bui Quang Minh, James Barbetti, Nguyen Lam Tung,
Olga Chernomor, Heiko Schmidt, Dominik Schrempf, Michael Woodhams, Ly Trong Nhan.

Host:    Mattia (AVX512, FMA3, 7 GB RAM)
Command: iqtree -s no_outgroup.fas -m JC -seed 1 --threads-max 2 -B 1000
Seed:    1 (Using SPRNG - Scalable Parallel Random Number Generator)
Time:    Sat Nov 30 17:01:02 2024
Kernel:  AVX+FMA - 1 threads (8 CPU cores detected)

HINT: Use -nt option to specify number of threads because your CPU has 8 cores!
HINT: -nt AUTO will automatically determine the best number of threads to use.

Reading alignment file no_outgroup.fas ... Fasta format detected
Reading fasta file: done in 0.00144504 secs using 64.77% CPU
Alignment most likely contains DNA/RNA sequences
Constructing alignment: done in 0.000381377 secs using 99.9% CPU
Alignment has 200 sequences with 352 columns, 107 distinct patterns
113 parsimony-informative, 19 singleton sites, 220 constant sites
                                                                                                                   Gap/Ambiguity  Composition  p-value
Analyzing sequences: done in 3.726e-05 secs using 99.3% CPU
   1  2lm                                                                                                                  0.00%    passed     99.51%
   2  ALV                                                                                                                  0.00%    passed     99.46%
   3  AVX                                                                                                                  0.00%    passed     99.95%
   4  BDSN                                                                                                                 0.00%    passed     99.46%
   5  BLM                                                                                                                  0.00%    passed     99.46%
   6  BRK                                                                                                                  0.00%    passed     99.79%
   7  CAS                                                                                                                  0.00%    passed     99.46%
   8  ccw                                                                                                                  0.00%    passed     99.46%
   9  CFHF_01                                                                                                              0.00%    passed     99.46%
  10  CH116                                                                                                                0.00%    passed     99.46%
  11  CH413                                                                                                                0.00%    passed     99.77%
  12  DGL_L                                                                                                                0.00%    passed     99.87%
  13  DVD                                                                                                                  0.00%    passed     99.46%
  14  FLAC                                                                                                                 0.00%    passed     99.46%
  15  FMW                                                                                                                  0.00%    passed     99.86%
  16  frn                                                                                                                  0.00%    passed     99.87%
  17  GIW_consensus                                                                                                        0.00%    passed     99.46%
  18  HM044104_1_Chordodes_sp_MCC-2010_isolate_D01_cytochrome_oxidase_subunit_I_CO1_gene_partial_cds_mitochondrial         0.00%    passed     99.46%
  19  HM044105_1_Chordodes_sp_MCC-2010_isolate_D02_cytochrome_oxidase_subunit_I_CO1_gene_partial_cds_mitochondrial         0.00%    passed     95.30%
  20  HM044106_1_Chordodes_sp_MCC-2010_isolate_F01_cytochrome_oxidase_subunit_I_CO1_gene_partial_cds_mitochondrial         0.00%    passed     99.87%
  21  HM044107_1_Chordodes_sp_MCC-2010_isolate_T01_cytochrome_oxidase_subunit_I_CO1_gene_partial_cds_mitochondrial         0.00%    passed     99.46%
  22  HM044108_1_Chordodes_sp_MCC-2010_isolate_F02_cytochrome_oxidase_subunit_I_CO1_gene_partial_cds_mitochondrial         0.00%    passed     97.44%
  23  HM044109_1_Chordodes_sp_MCC-2010_isolate_F03_cytochrome_oxidase_subunit_I_CO1_gene_partial_cds_mitochondrial         0.00%    passed     99.46%
  24  HM044110_1_Chordodes_sp_MCC-2010_isolate_F04_cytochrome_oxidase_subunit_I_CO1_gene_partial_cds_mitochondrial         0.00%    passed     95.48%
  25  HM044111_1_Chordodes_sp_MCC-2010_isolate_F12_cytochrome_oxidase_subunit_I_CO1_gene_partial_cds_mitochondrial         0.00%    passed     99.87%
  26  HM044112_1_Chordodes_sp_MCC-2010_isolate_D08_cytochrome_oxidase_subunit_I_CO1_gene_partial_cds_mitochondrial         0.00%    passed     99.46%
  27  HM044113_1_Chordodes_sp_MCC-2010_isolate_D03_cytochrome_oxidase_subunit_I_CO1_gene_partial_cds_mitochondrial         0.00%    passed     98.05%
  28  HM044114_1_Chordodes_sp_MCC-2010_isolate_D04_cytochrome_oxidase_subunit_I_CO1_gene_partial_cds_mitochondrial         0.00%    passed     98.97%
  29  HM044115_1_Chordodes_sp_MCC-2010_isolate_D05_cytochrome_oxidase_subunit_I_CO1_gene_partial_cds_mitochondrial         0.00%    passed     99.46%
  30  HM044116_1_Chordodes_sp_MCC-2010_isolate_D06_cytochrome_oxidase_subunit_I_CO1_gene_partial_cds_mitochondrial         0.00%    passed     99.46%
  31  HM044117_1_Chordodes_sp_MCC-2010_isolate_F11_cytochrome_oxidase_subunit_I_CO1_gene_partial_cds_mitochondrial         0.00%    passed     98.10%
  32  HM044118_1_Chordodes_sp_MCC-2010_isolate_F13_cytochrome_oxidase_subunit_I_CO1_gene_partial_cds_mitochondrial         0.00%    passed     99.87%
  33  HM044119_1_Chordodes_sp_MCC-2010_isolate_D07_cytochrome_oxidase_subunit_I_CO1_gene_partial_cds_mitochondrial         0.00%    passed     99.46%
  34  HM044120_1_Chordodes_sp_MCC-2010_isolate_F05_cytochrome_oxidase_subunit_I_CO1_gene_partial_cds_mitochondrial         0.00%    passed     99.41%
  35  HM044121_1_Chordodes_sp_MCC-2010_isolate_Z01_cytochrome_oxidase_subunit_I_CO1_gene_partial_cds_mitochondrial         0.00%    passed     99.46%
  36  HM044122_1_Chordodes_sp_MCC-2010_isolate_Z02_cytochrome_oxidase_subunit_I_CO1_gene_partial_cds_mitochondrial         0.00%    passed     99.46%
  37  HM044123_1_Chordodes_sp_MCC-2010_isolate_S01_cytochrome_oxidase_subunit_I_CO1_gene_partial_cds_mitochondrial         0.00%    passed     98.10%
  38  HM044124_1_Chordodes_sp_MCC-2010_isolate_F06_cytochrome_oxidase_subunit_I_CO1_gene_partial_cds_mitochondrial         0.00%    passed     99.46%
  39  HM044125_1_Chordodes_sp_MCC-2010_isolate_F07_cytochrome_oxidase_subunit_I_CO1_gene_partial_cds_mitochondrial         0.00%    passed     98.97%
  40  HM044126_1_Chordodes_sp_MCC-2010_isolate_F08_cytochrome_oxidase_subunit_I_CO1_gene_partial_cds_mitochondrial         0.00%    passed     98.10%
  41  HM044127_1_Chordodes_sp_MCC-2010_isolate_F09_cytochrome_oxidase_subunit_I_CO1_gene_partial_cds_mitochondrial         0.00%    passed     99.87%
  42  HM044128_1_Chordodes_sp_MCC-2010_isolate_F10_cytochrome_oxidase_subunit_I_CO1_gene_partial_cds_mitochondrial         0.00%    passed     99.46%
  43  HMM                                                                                                                  0.00%    passed     97.44%
  44  HQ322115_1_Chordodes_sp_MCC-2010_isolate_Z03_cytochrome_oxidase_subunit_I_CO1_gene_partial_cds_mitochondrial         0.00%    passed     99.46%
  45  HQ322116_1_Chordodes_sp_MCC-2010_isolate_Z04_cytochrome_oxidase_subunit_I_CO1_gene_partial_cds_mitochondrial         0.00%    passed     99.46%
  46  JF808194_1_Chordodes_sp__MCC-2010_isolate_JHp01_cytochrome_oxidase_subunit_I__CO1__gene_partial_cds_mitochondrial    0.00%    passed     99.12%
  47  JF808195_1_Chordodes_sp__MCC-2010_isolate_JHp02_cytochrome_oxidase_subunit_I__CO1__gene_partial_cds_mitochondrial    0.00%    passed     99.12%
  48  JF808196_1_Chordodes_sp__MCC-2010_isolate_JHp05_cytochrome_oxidase_subunit_I__CO1__gene_partial_cds_mitochondrial    0.00%    passed     99.12%
  49  JF808197_1_Chordodes_sp_MCC-2010_isolate_CHSIN_cytochrome_oxidase_subunit_I_CO1_gene_partial_cds_mitochondrial       0.00%    passed     99.99%
  50  JF808198_1_Chordodes_sp__MCC-2010_isolate_JHp03_cytochrome_oxidase_subunit_I__CO1__gene_partial_cds_mitochondrial    0.00%    passed     98.78%
  51  JF808199_1_Chordodes_sp__MCC-2010_isolate_JHp04_cytochrome_oxidase_subunit_I__CO1__gene_partial_cds_mitochondrial    0.00%    passed     99.75%
  52  JF808200_1_Chordodes_sp__MCC-2010_isolate_JHp08_cytochrome_oxidase_subunit_I__CO1__gene_partial_cds_mitochondrial    0.00%    passed     99.84%
  53  JF808201_1_Chordodes_sp__MCC-2010_isolate_JHp06_cytochrome_oxidase_subunit_I__CO1__gene_partial_cds_mitochondrial    0.00%    passed     98.10%
  54  JF808202_1_Chordodes_sp__MCC-2010_isolate_JHp07_cytochrome_oxidase_subunit_I__CO1__gene_partial_cds_mitochondrial    0.00%    passed     99.11%
  55  JF808203_1_Chordodes_sp_MCC-2010_isolate_CH95101_cytochrome_oxidase_subunit_I_CO1_gene_partial_cds_mitochondrial     0.00%    passed     98.97%
  56  JF808204_1_Chordodes_sp_MCC-2010_isolate_Z05_cytochrome_oxidase_subunit_I_CO1_gene_partial_cds_mitochondrial         0.00%    passed     99.79%
  57  JF808205_1_Chordodes_sp_MCC-2010_isolate_CH95102_cytochrome_oxidase_subunit_I_CO1_gene_partial_cds_mitochondrial     0.00%    passed     93.30%
  58  JF808206_1_Chordodes_japonensis_isolate_JTa01_cytochrome_oxidase_subunit_I__CO1__gene_partial_cds_mitochondrial      0.00%    passed     99.55%
  59  JPG                                                                                                                  0.00%    passed     98.10%
  60  KTV                                                                                                                  0.00%    passed     98.10%
  61  KU509484_1_Chordodes_formosanus_isolate_YM01_cytochrome_oxidase_subunit_I_COI_gene_partial_cds_mitochondrial         0.00%    passed     99.46%
  62  KU509485_1_Chordodes_formosanus_isolate_YM02_cytochrome_oxidase_subunit_I_COI_gene_partial_cds_mitochondrial         0.00%    passed     99.46%
  63  KU509486_1_Chordodes_formosanus_isolate_YF01_cytochrome_oxidase_subunit_I_COI_gene_partial_cds_mitochondrial         0.00%    passed     99.46%
  64  KU509487_1_Chordodes_formosanus_isolate_YF02_cytochrome_oxidase_subunit_I_COI_gene_partial_cds_mitochondrial         0.00%    passed     99.46%
  65  KU509488_1_Chordodes_formosanus_isolate_YF03_cytochrome_oxidase_subunit_I_COI_gene_partial_cds_mitochondrial         0.00%    passed     99.46%
  66  KX591949_1_Chordodes_formosanus_isolate_CH11606_cytochrome_oxidase_subunit_I_COI_gene_partial_cds_mitochondrial      0.00%    passed     99.46%
  67  KX591950_1_Chordodes_formosanus_isolate_CH11607_cytochrome_oxidase_subunit_I_COI_gene_partial_cds_mitochondrial      0.00%    passed     95.30%
  68  KX591951_1_Chordodes_formosanus_isolate_CH11608_cytochrome_oxidase_subunit_I_COI_gene_partial_cds_mitochondrial      0.00%    passed     99.46%
  69  KX591952_1_Chordodes_formosanus_isolate_CH26207_cytochrome_oxidase_subunit_I_COI_gene_partial_cds_mitochondrial      0.00%    passed     99.46%
  70  KX591953_1_Chordodes_formosanus_isolate_Ac26216_cytochrome_oxidase_subunit_I_COI_gene_partial_cds_mitochondrial      0.00%    passed     98.97%
  71  L1S                                                                                                                  0.00%    passed     99.51%
  72  LC776384_1_Chordodes_formosanus_CF1_mitochondrial_COX1_gene_for_cytochrome_c_oxidase_subunit_1_partial_cds           0.00%    passed     99.79%
  73  LC776385_1_Chordodes_formosanus_CF2_mitochondrial_COX1_gene_for_cytochrome_c_oxidase_subunit_1_partial_cds           0.00%    passed     99.46%
  74  LC776386_1_Chordodes_formosanus_CF3_mitochondrial_COX1_gene_for_cytochrome_c_oxidase_subunit_1_partial_cds           0.00%    passed     99.87%
  75  LC776387_1_Chordodes_formosanus_CF4_mitochondrial_COX1_gene_for_cytochrome_c_oxidase_subunit_1_partial_cds           0.00%    passed     99.46%
  76  LC776388_1_Chordodes_formosanus_CF5_mitochondrial_COX1_gene_for_cytochrome_c_oxidase_subunit_1_partial_cds           0.00%    passed     99.41%
  77  LC776389_1_Chordodes_formosanus_CF6_mitochondrial_COX1_gene_for_cytochrome_c_oxidase_subunit_1_partial_cds           0.00%    passed     99.46%
  78  LC776390_1_Chordodes_formosanus_CF7_mitochondrial_COX1_gene_for_cytochrome_c_oxidase_subunit_1_partial_cds           0.00%    passed     99.46%
  79  LC776391_1_Chordodes_formosanus_CF8_mitochondrial_COX1_gene_for_cytochrome_c_oxidase_subunit_1_partial_cds           0.00%    passed     99.46%
  80  LC776392_1_Chordodes_formosanus_CF9_mitochondrial_COX1_gene_for_cytochrome_c_oxidase_subunit_1_partial_cds           0.00%    passed     99.82%
  81  LC776393_1_Chordodes_formosanus_CF10_mitochondrial_COX1_gene_for_cytochrome_c_oxidase_subunit_1_partial_cds          0.00%    passed     99.12%
  82  LC776394_1_Chordodes_formosanus_CF11_mitochondrial_COX1_gene_for_cytochrome_c_oxidase_subunit_1_partial_cds          0.00%    passed     98.10%
  83  LC776395_1_Chordodes_formosanus_CF12_mitochondrial_COX1_gene_for_cytochrome_c_oxidase_subunit_1_partial_cds          0.00%    passed     99.46%
  84  LC776396_1_Chordodes_formosanus_CF13_mitochondrial_COX1_gene_for_cytochrome_c_oxidase_subunit_1_partial_cds          0.00%    passed     99.12%
  85  LC776397_1_Chordodes_formosanus_CF14_mitochondrial_COX1_gene_for_cytochrome_c_oxidase_subunit_1_partial_cds          0.00%    passed     99.46%
  86  LC776398_1_Chordodes_formosanus_CF15_mitochondrial_COX1_gene_for_cytochrome_c_oxidase_subunit_1_partial_cds          0.00%    passed     98.10%
  87  LC776399_1_Chordodes_formosanus_CF16_mitochondrial_COX1_gene_for_cytochrome_c_oxidase_subunit_1_partial_cds          0.00%    passed     99.82%
  88  LC776400_1_Chordodes_formosanus_CF17_mitochondrial_COX1_gene_for_cytochrome_c_oxidase_subunit_1_partial_cds          0.00%    passed     99.46%
  89  LC776401_1_Chordodes_formosanus_CF18_mitochondrial_COX1_gene_for_cytochrome_c_oxidase_subunit_1_partial_cds          0.00%    passed     99.46%
  90  LC776402_1_Chordodes_formosanus_CF19_mitochondrial_COX1_gene_for_cytochrome_c_oxidase_subunit_1_partial_cds          0.00%    passed     99.46%
  91  LC776403_1_Chordodes_formosanus_CF20_mitochondrial_COX1_gene_for_cytochrome_c_oxidase_subunit_1_partial_cds          0.00%    passed     91.32%
  92  LC776404_1_Chordodes_formosanus_CF21_mitochondrial_COX1_gene_for_cytochrome_c_oxidase_subunit_1_partial_cds          0.00%    passed     99.46%
  93  LC776405_1_Chordodes_formosanus_CF22_mitochondrial_COX1_gene_for_cytochrome_c_oxidase_subunit_1_partial_cds          0.00%    passed     99.12%
  94  LC776406_1_Chordodes_formosanus_CF23_mitochondrial_COX1_gene_for_cytochrome_c_oxidase_subunit_1_partial_cds          0.00%    passed     99.79%
  95  LC776407_1_Chordodes_formosanus_CF24_mitochondrial_COX1_gene_for_cytochrome_c_oxidase_subunit_1_partial_cds          0.00%    passed     99.12%
  96  LC776408_1_Chordodes_formosanus_CF25_mitochondrial_COX1_gene_for_cytochrome_c_oxidase_subunit_1_partial_cds          0.00%    passed     99.46%
  97  LC776409_1_Chordodes_formosanus_CF26_mitochondrial_COX1_gene_for_cytochrome_c_oxidase_subunit_1_partial_cds          0.00%    passed     99.46%
  98  LC776410_1_Chordodes_formosanus_CF27_mitochondrial_COX1_gene_for_cytochrome_c_oxidase_subunit_1_partial_cds          0.00%    passed     99.46%
  99  LC776411_1_Chordodes_formosanus_CF28_mitochondrial_COX1_gene_for_cytochrome_c_oxidase_subunit_1_partial_cds          0.00%    passed     99.79%
 100  LC776412_1_Chordodes_formosanus_CF29_mitochondrial_COX1_gene_for_cytochrome_c_oxidase_subunit_1_partial_cds          0.00%    passed     99.46%
 101  LC776413_1_Chordodes_japonensis_CJ1_mitochondrial_COX1_gene_for_cytochrome_c_oxidase_subunit_1_partial_cds           0.00%    passed     99.04%
 102  LC776414_1_Chordodes_japonensis_CJ2_mitochondrial_COX1_gene_for_cytochrome_c_oxidase_subunit_1_partial_cds           0.00%    passed     99.04%
 103  LC776415_1_Chordodes_japonensis_CJ3_mitochondrial_COX1_gene_for_cytochrome_c_oxidase_subunit_1_partial_cds           0.00%    passed     97.25%
 104  LC776416_1_Chordodes_japonensis_CJ4_mitochondrial_COX1_gene_for_cytochrome_c_oxidase_subunit_1_partial_cds           0.00%    passed     99.04%
 105  LC776417_1_Chordodes_japonensis_CJ5_mitochondrial_COX1_gene_for_cytochrome_c_oxidase_subunit_1_partial_cds           0.00%    passed     99.85%
 106  LC776418_1_Chordodes_japonensis_CJ6_mitochondrial_COX1_gene_for_cytochrome_c_oxidase_subunit_1_partial_cds           0.00%    passed     99.04%
 107  LC776419_1_Chordodes_japonensis_CJ7_mitochondrial_COX1_gene_for_cytochrome_c_oxidase_subunit_1_partial_cds           0.00%    passed     99.04%
 108  LC776420_1_Chordodes_japonensis_CJ8_mitochondrial_COX1_gene_for_cytochrome_c_oxidase_subunit_1_partial_cds           0.00%    passed     97.25%
 109  LC776421_1_Chordodes_japonensis_CJ9_mitochondrial_COX1_gene_for_cytochrome_c_oxidase_subunit_1_partial_cds           0.00%    passed     98.34%
 110  LC776422_1_Chordodes_japonensis_CJ10_mitochondrial_COX1_gene_for_cytochrome_c_oxidase_subunit_1_partial_cds          0.00%    passed     99.04%
 111  LC776423_1_Chordodes_japonensis_CJ11_mitochondrial_COX1_gene_for_cytochrome_c_oxidase_subunit_1_partial_cds          0.00%    passed     99.04%
 112  LC776424_1_Chordodes_japonensis_CJ12_mitochondrial_COX1_gene_for_cytochrome_c_oxidase_subunit_1_partial_cds          0.00%    passed     96.35%
 113  LC776425_1_Chordodes_japonensis_CJ13_mitochondrial_COX1_gene_for_cytochrome_c_oxidase_subunit_1_partial_cds          0.00%    passed     99.04%
 114  LC776426_1_Chordodes_japonensis_CJ14_mitochondrial_COX1_gene_for_cytochrome_c_oxidase_subunit_1_partial_cds          0.00%    passed     96.35%
 115  LC776427_1_Chordodes_japonensis_CJ15_mitochondrial_COX1_gene_for_cytochrome_c_oxidase_subunit_1_partial_cds          0.00%    passed     98.34%
 116  LC776428_1_Chordodes_japonensis_CJ16_mitochondrial_COX1_gene_for_cytochrome_c_oxidase_subunit_1_partial_cds          0.00%    passed     99.04%
 117  LC776429_1_Chordodes_japonensis_CJ17_mitochondrial_COX1_gene_for_cytochrome_c_oxidase_subunit_1_partial_cds          0.00%    passed     96.35%
 118  LC776430_1_Chordodes_japonensis_CJ18_mitochondrial_COX1_gene_for_cytochrome_c_oxidase_subunit_1_partial_cds          0.00%    passed     99.04%
 119  LC776431_1_Chordodes_japonensis_CJ19_mitochondrial_COX1_gene_for_cytochrome_c_oxidase_subunit_1_partial_cds          0.00%    passed     99.04%
 120  LC776432_1_Chordodes_japonensis_CJ20_mitochondrial_COX1_gene_for_cytochrome_c_oxidase_subunit_1_partial_cds          0.28%    passed     99.74%
 121  LC776433_1_Chordodes_japonensis_CJ21_mitochondrial_COX1_gene_for_cytochrome_c_oxidase_subunit_1_partial_cds          0.00%    passed     96.22%
 122  LC776434_1_Chordodes_japonensis_CJ22_mitochondrial_COX1_gene_for_cytochrome_c_oxidase_subunit_1_partial_cds          0.00%    passed     99.77%
 123  LC776435_1_Chordodes_japonensis_CJ23_mitochondrial_COX1_gene_for_cytochrome_c_oxidase_subunit_1_partial_cds          0.00%    passed     93.92%
 124  LC776436_1_Chordodes_japonensis_CJ24_mitochondrial_COX1_gene_for_cytochrome_c_oxidase_subunit_1_partial_cds          0.00%    passed     98.34%
 125  LC776437_1_Chordodes_japonensis_CJ25_mitochondrial_COX1_gene_for_cytochrome_c_oxidase_subunit_1_partial_cds          0.00%    passed     98.34%
 126  LC776438_1_Chordodes_japonensis_CJ26_mitochondrial_COX1_gene_for_cytochrome_c_oxidase_subunit_1_partial_cds          0.00%    passed     98.34%
 127  LC776439_1_Chordodes_japonensis_CJ27_mitochondrial_COX1_gene_for_cytochrome_c_oxidase_subunit_1_partial_cds          0.00%    passed     99.04%
 128  LC776440_1_Chordodes_japonensis_CJ28_mitochondrial_COX1_gene_for_cytochrome_c_oxidase_subunit_1_partial_cds          0.00%    passed     99.04%
 129  LC776441_1_Chordodes_japonensis_CJ29_mitochondrial_COX1_gene_for_cytochrome_c_oxidase_subunit_1_partial_cds          0.00%    passed     99.04%
 130  LC776442_1_Chordodes_japonensis_CJ30_mitochondrial_COX1_gene_for_cytochrome_c_oxidase_subunit_1_partial_cds          0.00%    passed     99.04%
 131  LC776443_1_Chordodes_japonensis_CJ31_mitochondrial_COX1_gene_for_cytochrome_c_oxidase_subunit_1_partial_cds          0.00%    passed     99.04%
 132  LC776444_1_Chordodes_japonensis_CJ32_mitochondrial_COX1_gene_for_cytochrome_c_oxidase_subunit_1_partial_cds          0.00%    passed     99.00%
 133  LC776445_1_Chordodes_japonensis_CJ33_mitochondrial_COX1_gene_for_cytochrome_c_oxidase_subunit_1_partial_cds          0.00%    passed     98.34%
 134  LC776446_1_Chordodes_japonensis_CJ34_mitochondrial_COX1_gene_for_cytochrome_c_oxidase_subunit_1_partial_cds          0.00%    passed     99.71%
 135  LC776447_1_Chordodes_japonensis_CJ35_mitochondrial_COX1_gene_for_cytochrome_c_oxidase_subunit_1_partial_cds          0.00%    passed     99.04%
 136  LC776448_1_Chordodes_japonensis_CJ36_mitochondrial_COX1_gene_for_cytochrome_c_oxidase_subunit_1_partial_cds          0.00%    passed     99.04%
 137  LC776449_1_Chordodes_formosanus_P1_mitochondrial_COX1_gene_for_cytochrome_c_oxidase_subunit_1_partial_cds            0.00%    passed     99.79%
 138  LC776450_1_Chordodes_formosanus_P2_mitochondrial_COX1_gene_for_cytochrome_c_oxidase_subunit_1_partial_cds            0.00%    passed     99.79%
 139  LC776451_1_Chordodes_formosanus_P3_mitochondrial_COX1_gene_for_cytochrome_c_oxidase_subunit_1_partial_cds            0.00%    passed     99.79%
 140  LC776452_1_Chordodes_formosanus_P4_mitochondrial_COX1_gene_for_cytochrome_c_oxidase_subunit_1_partial_cds            0.00%    passed     99.79%
 141  LC776453_1_Chordodes_formosanus_P5_mitochondrial_COX1_gene_for_cytochrome_c_oxidase_subunit_1_partial_cds            0.00%    passed     99.79%
 142  LC776454_1_Chordodes_formosanus_P6_mitochondrial_COX1_gene_for_cytochrome_c_oxidase_subunit_1_partial_cds            0.00%    passed     99.79%
 143  LC776455_1_Chordodes_japonensis_P7_mitochondrial_COX1_gene_for_cytochrome_c_oxidase_subunit_1_partial_cds            0.00%    passed     99.04%
 144  LC776456_1_Chordodes_formosanus_P8_mitochondrial_COX1_gene_for_cytochrome_c_oxidase_subunit_1_partial_cds            0.00%    passed     99.79%
 145  LC776457_1_Chordodes_japonensis_P9_mitochondrial_COX1_gene_for_cytochrome_c_oxidase_subunit_1_partial_cds            0.00%    passed     99.04%
 146  LC776458_1_Chordodes_formosanus_P10_mitochondrial_COX1_gene_for_cytochrome_c_oxidase_subunit_1_partial_cds           0.00%    passed     99.79%
 147  LC782468_1_Chordodes_sp__1-YT-2023_A47_mitochondrial_COI_gene_for_cytochrome_c_oxidase_subunit_I_partial_cds         0.00%    passed     99.04%
 148  LC782469_1_Chordodes_sp__1-YT-2023_A63_mitochondrial_COI_gene_for_cytochrome_c_oxidase_subunit_I_partial_cds         0.00%    passed     98.34%
 149  LC782470_1_Chordodes_sp__1-YT-2023_A65_mitochondrial_COI_gene_for_cytochrome_c_oxidase_subunit_I_partial_cds         0.00%    passed     99.04%
 150  LC782471_1_Chordodes_sp__3-YT-2023_A69_3_mitochondrial_COI_gene_for_cytochrome_c_oxidase_subunit_I_partial_cds       0.00%    passed     39.65%
 151  LC782472_1_Chordodes_sp__1-YT-2023_A72_2_mitochondrial_COI_gene_for_cytochrome_c_oxidase_subunit_I_partial_cds       0.00%    passed     99.00%
 152  LC782473_1_Chordodes_sp__1-YT-2023_A72_3_mitochondrial_COI_gene_for_cytochrome_c_oxidase_subunit_I_partial_cds       0.00%    passed     99.00%
 153  LC782474_1_Chordodes_sp__1-YT-2023_A86_1_mitochondrial_COI_gene_for_cytochrome_c_oxidase_subunit_I_partial_cds       0.00%    passed     99.04%
 154  LC782475_1_Chordodes_sp__1-YT-2023_A92_3_mitochondrial_COI_gene_for_cytochrome_c_oxidase_subunit_I_partial_cds       0.00%    passed     98.34%
 155  LC782476_1_Chordodes_sp__1-YT-2023_A95_mitochondrial_COI_gene_for_cytochrome_c_oxidase_subunit_I_partial_cds         0.00%    passed     98.34%
 156  LC782477_1_Chordodes_sp__1-YT-2023_A96_mitochondrial_COI_gene_for_cytochrome_c_oxidase_subunit_I_partial_cds         0.00%    passed     99.04%
 157  LC782478_1_Chordodes_sp__1-YT-2023_A97_mitochondrial_COI_gene_for_cytochrome_c_oxidase_subunit_I_partial_cds         0.00%    passed     99.04%
 158  LC782479_1_Chordodes_sp__3-YT-2023_A104_1_mitochondrial_COI_gene_for_cytochrome_c_oxidase_subunit_I_partial_cds      0.00%    passed     39.65%
 159  LC782480_1_Chordodes_sp__1-YT-2023_A105_mitochondrial_COI_gene_for_cytochrome_c_oxidase_subunit_I_partial_cds        0.00%    passed     98.34%
 160  LC782481_1_Chordodes_sp__1-YT-2023_A110_mitochondrial_COI_gene_for_cytochrome_c_oxidase_subunit_I_partial_cds        0.28%    passed     98.86%
 161  LC782482_1_Chordodes_sp__3-YT-2023_A114_1_mitochondrial_COI_gene_for_cytochrome_c_oxidase_subunit_I_partial_cds      0.00%    passed     39.65%
 162  LC782483_1_Chordodes_sp__2-YT-2023_A68_mitochondrial_COI_gene_for_cytochrome_c_oxidase_subunit_I_partial_cds         0.00%    passed     99.12%
 163  LC782484_1_Chordodes_sp__1-YT-2023_A83_mitochondrial_COI_gene_for_cytochrome_c_oxidase_subunit_I_partial_cds         0.00%    passed     99.00%
 164  LC782485_1_Chordodes_sp__3-YT-2023_A92_1_mitochondrial_COI_gene_for_cytochrome_c_oxidase_subunit_I_partial_cds       0.00%    passed     39.65%
 165  LC782486_1_Chordodes_sp__3-YT-2023_A104_3_mitochondrial_COI_gene_for_cytochrome_c_oxidase_subunit_I_partial_cds      0.00%    passed     39.65%
 166  LOG                                                                                                                  0.00%    passed     98.29%
 167  MCCH_01                                                                                                              0.00%    passed     99.46%
 168  MCCH_02                                                                                                              0.00%    passed     99.46%
 169  MG257764_chordodes_sp                                                                                                0.00%    passed     50.83%
 170  MMN                                                                                                                  0.00%    passed     99.79%
 171  MP_04                                                                                                                0.00%    passed     99.42%
 172  MPW                                                                                                                  0.00%    passed     99.46%
 173  NAS                                                                                                                  0.00%    passed     98.10%
 174  NOU                                                                                                                  0.00%    passed     98.10%
 175  SRR25249025                                                                                                          0.00%    passed     99.12%
 176  SRR25249026                                                                                                          0.00%    passed     99.12%
 177  SRR25249027                                                                                                          0.00%    passed     99.04%
 178  SRR25249028                                                                                                          0.00%    passed     99.12%
 179  SRR25249029                                                                                                          0.00%    passed     99.04%
 180  SRR25249030                                                                                                          0.00%    passed     99.12%
 181  SRR25249031                                                                                                          0.00%    passed     99.04%
 182  SRR25249032                                                                                                          0.00%    passed     99.04%
 183  SRR25249033                                                                                                          0.00%    passed     99.04%
 184  SRR25249034                                                                                                          0.00%    passed     99.12%
 185  SRR25249035                                                                                                          0.00%    passed     98.34%
 186  SRR25249036                                                                                                          0.00%    passed     99.12%
 187  SRR25249037                                                                                                          0.00%    passed     99.12%
 188  SRR25249038                                                                                                          0.00%    passed     99.12%
 189  SRR25249039                                                                                                          0.00%    passed     99.04%
 190  SRR25249040                                                                                                          0.00%    passed     98.34%
 191  SRR25249041                                                                                                          0.00%    passed     96.78%
 192  SRR25249042                                                                                                          0.00%    passed     98.53%
 193  SRR25249043                                                                                                          0.00%    passed     96.78%
 194  tou                                                                                                                  0.00%    passed     99.46%
 195  vlc                                                                                                                  0.00%    passed     95.30%
 196  WAV                                                                                                                  0.00%    passed     98.10%
 197  XBF                                                                                                                  0.00%    passed     98.97%
 198  XCL                                                                                                                  0.00%    passed     99.79%
 199  ZHW                                                                                                                  0.00%    passed     99.86%
 200  ZTW                                                                                                                  0.00%    passed     99.42%
****  TOTAL                                                                                                                0.00%  0 sequences failed composition chi2 test (p-value<5%; df=3)
NOTE: L1S is identical to 2lm but kept for subsequent analysis
NOTE: BDSN is identical to ALV but kept for subsequent analysis
NOTE: CFHF_01 is identical to ccw but kept for subsequent analysis
NOTE: HM044106_1_Chordodes_sp_MCC-2010_isolate_F01_cytochrome_oxidase_subunit_I_CO1_gene_partial_cds_mitochondrial is identical to DGL_L but kept for subsequent analysis
NOTE: ZHW is identical to FMW but kept for subsequent analysis
NOTE: HM044128_1_Chordodes_sp_MCC-2010_isolate_F10_cytochrome_oxidase_subunit_I_CO1_gene_partial_cds_mitochondrial is identical to GIW_consensus but kept for subsequent analysis
NOTE: KX591950_1_Chordodes_formosanus_isolate_CH11607_cytochrome_oxidase_subunit_I_COI_gene_partial_cds_mitochondrial is identical to HM044105_1_Chordodes_sp_MCC-2010_isolate_D02_cytochrome_oxidase_subunit_I_CO1_gene_partial_cds_mitochondrial but kept for subsequent analysis
NOTE: HMM is identical to HM044108_1_Chordodes_sp_MCC-2010_isolate_F02_cytochrome_oxidase_subunit_I_CO1_gene_partial_cds_mitochondrial but kept for subsequent analysis
NOTE: KU509487_1_Chordodes_formosanus_isolate_YF02_cytochrome_oxidase_subunit_I_COI_gene_partial_cds_mitochondrial is identical to HM044109_1_Chordodes_sp_MCC-2010_isolate_F03_cytochrome_oxidase_subunit_I_CO1_gene_partial_cds_mitochondrial but kept for subsequent analysis
NOTE: KX591953_1_Chordodes_formosanus_isolate_Ac26216_cytochrome_oxidase_subunit_I_COI_gene_partial_cds_mitochondrial is identical to HM044114_1_Chordodes_sp_MCC-2010_isolate_D04_cytochrome_oxidase_subunit_I_CO1_gene_partial_cds_mitochondrial but kept for subsequent analysis
NOTE: HM044123_1_Chordodes_sp_MCC-2010_isolate_S01_cytochrome_oxidase_subunit_I_CO1_gene_partial_cds_mitochondrial is identical to HM044117_1_Chordodes_sp_MCC-2010_isolate_F11_cytochrome_oxidase_subunit_I_CO1_gene_partial_cds_mitochondrial but kept for subsequent analysis
NOTE: HM044122_1_Chordodes_sp_MCC-2010_isolate_Z02_cytochrome_oxidase_subunit_I_CO1_gene_partial_cds_mitochondrial is identical to HM044121_1_Chordodes_sp_MCC-2010_isolate_Z01_cytochrome_oxidase_subunit_I_CO1_gene_partial_cds_mitochondrial but kept for subsequent analysis
NOTE: JF808203_1_Chordodes_sp_MCC-2010_isolate_CH95101_cytochrome_oxidase_subunit_I_CO1_gene_partial_cds_mitochondrial is identical to HM044125_1_Chordodes_sp_MCC-2010_isolate_F07_cytochrome_oxidase_subunit_I_CO1_gene_partial_cds_mitochondrial but kept for subsequent analysis
NOTE: JF808195_1_Chordodes_sp__MCC-2010_isolate_JHp02_cytochrome_oxidase_subunit_I__CO1__gene_partial_cds_mitochondrial is identical to JF808194_1_Chordodes_sp__MCC-2010_isolate_JHp01_cytochrome_oxidase_subunit_I__CO1__gene_partial_cds_mitochondrial but kept for subsequent analysis
NOTE: KX591951_1_Chordodes_formosanus_isolate_CH11608_cytochrome_oxidase_subunit_I_COI_gene_partial_cds_mitochondrial is identical to KX591949_1_Chordodes_formosanus_isolate_CH11606_cytochrome_oxidase_subunit_I_COI_gene_partial_cds_mitochondrial but kept for subsequent analysis
NOTE: LC776406_1_Chordodes_formosanus_CF23_mitochondrial_COX1_gene_for_cytochrome_c_oxidase_subunit_1_partial_cds is identical to LC776384_1_Chordodes_formosanus_CF1_mitochondrial_COX1_gene_for_cytochrome_c_oxidase_subunit_1_partial_cds but kept for subsequent analysis
NOTE: LC776387_1_Chordodes_formosanus_CF4_mitochondrial_COX1_gene_for_cytochrome_c_oxidase_subunit_1_partial_cds is identical to LC776385_1_Chordodes_formosanus_CF2_mitochondrial_COX1_gene_for_cytochrome_c_oxidase_subunit_1_partial_cds but kept for subsequent analysis
NOTE: LC776399_1_Chordodes_formosanus_CF16_mitochondrial_COX1_gene_for_cytochrome_c_oxidase_subunit_1_partial_cds is identical to LC776392_1_Chordodes_formosanus_CF9_mitochondrial_COX1_gene_for_cytochrome_c_oxidase_subunit_1_partial_cds but kept for subsequent analysis
NOTE: LC776398_1_Chordodes_formosanus_CF15_mitochondrial_COX1_gene_for_cytochrome_c_oxidase_subunit_1_partial_cds is identical to LC776394_1_Chordodes_formosanus_CF11_mitochondrial_COX1_gene_for_cytochrome_c_oxidase_subunit_1_partial_cds but kept for subsequent analysis
NOTE: LC776414_1_Chordodes_japonensis_CJ2_mitochondrial_COX1_gene_for_cytochrome_c_oxidase_subunit_1_partial_cds is identical to LC776413_1_Chordodes_japonensis_CJ1_mitochondrial_COX1_gene_for_cytochrome_c_oxidase_subunit_1_partial_cds but kept for subsequent analysis
NOTE: LC776420_1_Chordodes_japonensis_CJ8_mitochondrial_COX1_gene_for_cytochrome_c_oxidase_subunit_1_partial_cds is identical to LC776415_1_Chordodes_japonensis_CJ3_mitochondrial_COX1_gene_for_cytochrome_c_oxidase_subunit_1_partial_cds but kept for subsequent analysis
NOTE: LC776427_1_Chordodes_japonensis_CJ15_mitochondrial_COX1_gene_for_cytochrome_c_oxidase_subunit_1_partial_cds is identical to LC776421_1_Chordodes_japonensis_CJ9_mitochondrial_COX1_gene_for_cytochrome_c_oxidase_subunit_1_partial_cds but kept for subsequent analysis
NOTE: LC776426_1_Chordodes_japonensis_CJ14_mitochondrial_COX1_gene_for_cytochrome_c_oxidase_subunit_1_partial_cds is identical to LC776424_1_Chordodes_japonensis_CJ12_mitochondrial_COX1_gene_for_cytochrome_c_oxidase_subunit_1_partial_cds but kept for subsequent analysis
NOTE: LC782472_1_Chordodes_sp__1-YT-2023_A72_2_mitochondrial_COI_gene_for_cytochrome_c_oxidase_subunit_I_partial_cds is identical to LC776444_1_Chordodes_japonensis_CJ32_mitochondrial_COX1_gene_for_cytochrome_c_oxidase_subunit_1_partial_cds but kept for subsequent analysis
NOTE: LC782478_1_Chordodes_sp__1-YT-2023_A97_mitochondrial_COI_gene_for_cytochrome_c_oxidase_subunit_I_partial_cds is identical to LC782470_1_Chordodes_sp__1-YT-2023_A65_mitochondrial_COI_gene_for_cytochrome_c_oxidase_subunit_I_partial_cds but kept for subsequent analysis
NOTE: LC782479_1_Chordodes_sp__3-YT-2023_A104_1_mitochondrial_COI_gene_for_cytochrome_c_oxidase_subunit_I_partial_cds is identical to LC782471_1_Chordodes_sp__3-YT-2023_A69_3_mitochondrial_COI_gene_for_cytochrome_c_oxidase_subunit_I_partial_cds but kept for subsequent analysis
NOTE: XCL is identical to MMN but kept for subsequent analysis
Checking for duplicate sequences: done in 0.00328056 secs using 28.47% CPU
Identifying sites to remove: done in 0.000190344 secs using 99.82% CPU
NOTE: 100 identical sequences (see below) will be ignored for subsequent analysis
NOTE: BLM (identical to ALV) is ignored but added at the end
NOTE: CAS (identical to ALV) is ignored but added at the end
NOTE: CH116 (identical to ALV) is ignored but added at the end
NOTE: FLAC (identical to ALV) is ignored but added at the end
NOTE: HM044104_1_Chordodes_sp_MCC-2010_isolate_D01_cytochrome_oxidase_subunit_I_CO1_gene_partial_cds_mitochondrial (identical to ALV) is ignored but added at the end
NOTE: HM044107_1_Chordodes_sp_MCC-2010_isolate_T01_cytochrome_oxidase_subunit_I_CO1_gene_partial_cds_mitochondrial (identical to ALV) is ignored but added at the end
NOTE: HM044115_1_Chordodes_sp_MCC-2010_isolate_D05_cytochrome_oxidase_subunit_I_CO1_gene_partial_cds_mitochondrial (identical to ALV) is ignored but added at the end
NOTE: HM044116_1_Chordodes_sp_MCC-2010_isolate_D06_cytochrome_oxidase_subunit_I_CO1_gene_partial_cds_mitochondrial (identical to ALV) is ignored but added at the end
NOTE: HM044119_1_Chordodes_sp_MCC-2010_isolate_D07_cytochrome_oxidase_subunit_I_CO1_gene_partial_cds_mitochondrial (identical to ALV) is ignored but added at the end
NOTE: HM044124_1_Chordodes_sp_MCC-2010_isolate_F06_cytochrome_oxidase_subunit_I_CO1_gene_partial_cds_mitochondrial (identical to ALV) is ignored but added at the end
NOTE: HQ322115_1_Chordodes_sp_MCC-2010_isolate_Z03_cytochrome_oxidase_subunit_I_CO1_gene_partial_cds_mitochondrial (identical to ALV) is ignored but added at the end
NOTE: KU509485_1_Chordodes_formosanus_isolate_YM02_cytochrome_oxidase_subunit_I_COI_gene_partial_cds_mitochondrial (identical to ALV) is ignored but added at the end
NOTE: KX591952_1_Chordodes_formosanus_isolate_CH26207_cytochrome_oxidase_subunit_I_COI_gene_partial_cds_mitochondrial (identical to ALV) is ignored but added at the end
NOTE: MCCH_01 (identical to ALV) is ignored but added at the end
NOTE: MCCH_02 (identical to ALV) is ignored but added at the end
NOTE: MPW (identical to ALV) is ignored but added at the end
NOTE: DVD (identical to ccw) is ignored but added at the end
NOTE: tou (identical to ccw) is ignored but added at the end
NOTE: HM044127_1_Chordodes_sp_MCC-2010_isolate_F09_cytochrome_oxidase_subunit_I_CO1_gene_partial_cds_mitochondrial (identical to DGL_L) is ignored but added at the end
NOTE: vlc (identical to HM044105_1_Chordodes_sp_MCC-2010_isolate_D02_cytochrome_oxidase_subunit_I_CO1_gene_partial_cds_mitochondrial) is ignored but added at the end
NOTE: HM044126_1_Chordodes_sp_MCC-2010_isolate_F08_cytochrome_oxidase_subunit_I_CO1_gene_partial_cds_mitochondrial (identical to HM044117_1_Chordodes_sp_MCC-2010_isolate_F11_cytochrome_oxidase_subunit_I_CO1_gene_partial_cds_mitochondrial) is ignored but added at the end
NOTE: JPG (identical to HM044117_1_Chordodes_sp_MCC-2010_isolate_F11_cytochrome_oxidase_subunit_I_CO1_gene_partial_cds_mitochondrial) is ignored but added at the end
NOTE: NAS (identical to HM044117_1_Chordodes_sp_MCC-2010_isolate_F11_cytochrome_oxidase_subunit_I_CO1_gene_partial_cds_mitochondrial) is ignored but added at the end
NOTE: NOU (identical to HM044117_1_Chordodes_sp_MCC-2010_isolate_F11_cytochrome_oxidase_subunit_I_CO1_gene_partial_cds_mitochondrial) is ignored but added at the end
NOTE: WAV (identical to HM044117_1_Chordodes_sp_MCC-2010_isolate_F11_cytochrome_oxidase_subunit_I_CO1_gene_partial_cds_mitochondrial) is ignored but added at the end
NOTE: KU509484_1_Chordodes_formosanus_isolate_YM01_cytochrome_oxidase_subunit_I_COI_gene_partial_cds_mitochondrial (identical to HM044121_1_Chordodes_sp_MCC-2010_isolate_Z01_cytochrome_oxidase_subunit_I_CO1_gene_partial_cds_mitochondrial) is ignored but added at the end
NOTE: KU509488_1_Chordodes_formosanus_isolate_YF03_cytochrome_oxidase_subunit_I_COI_gene_partial_cds_mitochondrial (identical to HM044121_1_Chordodes_sp_MCC-2010_isolate_Z01_cytochrome_oxidase_subunit_I_CO1_gene_partial_cds_mitochondrial) is ignored but added at the end
NOTE: JF808196_1_Chordodes_sp__MCC-2010_isolate_JHp05_cytochrome_oxidase_subunit_I__CO1__gene_partial_cds_mitochondrial (identical to JF808194_1_Chordodes_sp__MCC-2010_isolate_JHp01_cytochrome_oxidase_subunit_I__CO1__gene_partial_cds_mitochondrial) is ignored but added at the end
NOTE: LC776393_1_Chordodes_formosanus_CF10_mitochondrial_COX1_gene_for_cytochrome_c_oxidase_subunit_1_partial_cds (identical to JF808194_1_Chordodes_sp__MCC-2010_isolate_JHp01_cytochrome_oxidase_subunit_I__CO1__gene_partial_cds_mitochondrial) is ignored but added at the end
NOTE: LC776396_1_Chordodes_formosanus_CF13_mitochondrial_COX1_gene_for_cytochrome_c_oxidase_subunit_1_partial_cds (identical to JF808194_1_Chordodes_sp__MCC-2010_isolate_JHp01_cytochrome_oxidase_subunit_I__CO1__gene_partial_cds_mitochondrial) is ignored but added at the end
NOTE: LC776405_1_Chordodes_formosanus_CF22_mitochondrial_COX1_gene_for_cytochrome_c_oxidase_subunit_1_partial_cds (identical to JF808194_1_Chordodes_sp__MCC-2010_isolate_JHp01_cytochrome_oxidase_subunit_I__CO1__gene_partial_cds_mitochondrial) is ignored but added at the end
NOTE: LC776407_1_Chordodes_formosanus_CF24_mitochondrial_COX1_gene_for_cytochrome_c_oxidase_subunit_1_partial_cds (identical to JF808194_1_Chordodes_sp__MCC-2010_isolate_JHp01_cytochrome_oxidase_subunit_I__CO1__gene_partial_cds_mitochondrial) is ignored but added at the end
NOTE: LC782483_1_Chordodes_sp__2-YT-2023_A68_mitochondrial_COI_gene_for_cytochrome_c_oxidase_subunit_I_partial_cds (identical to JF808194_1_Chordodes_sp__MCC-2010_isolate_JHp01_cytochrome_oxidase_subunit_I__CO1__gene_partial_cds_mitochondrial) is ignored but added at the end
NOTE: SRR25249025 (identical to JF808194_1_Chordodes_sp__MCC-2010_isolate_JHp01_cytochrome_oxidase_subunit_I__CO1__gene_partial_cds_mitochondrial) is ignored but added at the end
NOTE: SRR25249026 (identical to JF808194_1_Chordodes_sp__MCC-2010_isolate_JHp01_cytochrome_oxidase_subunit_I__CO1__gene_partial_cds_mitochondrial) is ignored but added at the end
NOTE: SRR25249028 (identical to JF808194_1_Chordodes_sp__MCC-2010_isolate_JHp01_cytochrome_oxidase_subunit_I__CO1__gene_partial_cds_mitochondrial) is ignored but added at the end
NOTE: SRR25249030 (identical to JF808194_1_Chordodes_sp__MCC-2010_isolate_JHp01_cytochrome_oxidase_subunit_I__CO1__gene_partial_cds_mitochondrial) is ignored but added at the end
NOTE: SRR25249034 (identical to JF808194_1_Chordodes_sp__MCC-2010_isolate_JHp01_cytochrome_oxidase_subunit_I__CO1__gene_partial_cds_mitochondrial) is ignored but added at the end
NOTE: SRR25249036 (identical to JF808194_1_Chordodes_sp__MCC-2010_isolate_JHp01_cytochrome_oxidase_subunit_I__CO1__gene_partial_cds_mitochondrial) is ignored but added at the end
NOTE: SRR25249037 (identical to JF808194_1_Chordodes_sp__MCC-2010_isolate_JHp01_cytochrome_oxidase_subunit_I__CO1__gene_partial_cds_mitochondrial) is ignored but added at the end
NOTE: SRR25249038 (identical to JF808194_1_Chordodes_sp__MCC-2010_isolate_JHp01_cytochrome_oxidase_subunit_I__CO1__gene_partial_cds_mitochondrial) is ignored but added at the end
NOTE: LC776411_1_Chordodes_formosanus_CF28_mitochondrial_COX1_gene_for_cytochrome_c_oxidase_subunit_1_partial_cds (identical to LC776384_1_Chordodes_formosanus_CF1_mitochondrial_COX1_gene_for_cytochrome_c_oxidase_subunit_1_partial_cds) is ignored but added at the end
NOTE: LC776449_1_Chordodes_formosanus_P1_mitochondrial_COX1_gene_for_cytochrome_c_oxidase_subunit_1_partial_cds (identical to LC776384_1_Chordodes_formosanus_CF1_mitochondrial_COX1_gene_for_cytochrome_c_oxidase_subunit_1_partial_cds) is ignored but added at the end
NOTE: LC776450_1_Chordodes_formosanus_P2_mitochondrial_COX1_gene_for_cytochrome_c_oxidase_subunit_1_partial_cds (identical to LC776384_1_Chordodes_formosanus_CF1_mitochondrial_COX1_gene_for_cytochrome_c_oxidase_subunit_1_partial_cds) is ignored but added at the end
NOTE: LC776451_1_Chordodes_formosanus_P3_mitochondrial_COX1_gene_for_cytochrome_c_oxidase_subunit_1_partial_cds (identical to LC776384_1_Chordodes_formosanus_CF1_mitochondrial_COX1_gene_for_cytochrome_c_oxidase_subunit_1_partial_cds) is ignored but added at the end
NOTE: LC776452_1_Chordodes_formosanus_P4_mitochondrial_COX1_gene_for_cytochrome_c_oxidase_subunit_1_partial_cds (identical to LC776384_1_Chordodes_formosanus_CF1_mitochondrial_COX1_gene_for_cytochrome_c_oxidase_subunit_1_partial_cds) is ignored but added at the end
NOTE: LC776453_1_Chordodes_formosanus_P5_mitochondrial_COX1_gene_for_cytochrome_c_oxidase_subunit_1_partial_cds (identical to LC776384_1_Chordodes_formosanus_CF1_mitochondrial_COX1_gene_for_cytochrome_c_oxidase_subunit_1_partial_cds) is ignored but added at the end
NOTE: LC776454_1_Chordodes_formosanus_P6_mitochondrial_COX1_gene_for_cytochrome_c_oxidase_subunit_1_partial_cds (identical to LC776384_1_Chordodes_formosanus_CF1_mitochondrial_COX1_gene_for_cytochrome_c_oxidase_subunit_1_partial_cds) is ignored but added at the end
NOTE: LC776456_1_Chordodes_formosanus_P8_mitochondrial_COX1_gene_for_cytochrome_c_oxidase_subunit_1_partial_cds (identical to LC776384_1_Chordodes_formosanus_CF1_mitochondrial_COX1_gene_for_cytochrome_c_oxidase_subunit_1_partial_cds) is ignored but added at the end
NOTE: LC776458_1_Chordodes_formosanus_P10_mitochondrial_COX1_gene_for_cytochrome_c_oxidase_subunit_1_partial_cds (identical to LC776384_1_Chordodes_formosanus_CF1_mitochondrial_COX1_gene_for_cytochrome_c_oxidase_subunit_1_partial_cds) is ignored but added at the end
NOTE: LC776389_1_Chordodes_formosanus_CF6_mitochondrial_COX1_gene_for_cytochrome_c_oxidase_subunit_1_partial_cds (identical to LC776385_1_Chordodes_formosanus_CF2_mitochondrial_COX1_gene_for_cytochrome_c_oxidase_subunit_1_partial_cds) is ignored but added at the end
NOTE: LC776390_1_Chordodes_formosanus_CF7_mitochondrial_COX1_gene_for_cytochrome_c_oxidase_subunit_1_partial_cds (identical to LC776385_1_Chordodes_formosanus_CF2_mitochondrial_COX1_gene_for_cytochrome_c_oxidase_subunit_1_partial_cds) is ignored but added at the end
NOTE: LC776391_1_Chordodes_formosanus_CF8_mitochondrial_COX1_gene_for_cytochrome_c_oxidase_subunit_1_partial_cds (identical to LC776385_1_Chordodes_formosanus_CF2_mitochondrial_COX1_gene_for_cytochrome_c_oxidase_subunit_1_partial_cds) is ignored but added at the end
NOTE: LC776395_1_Chordodes_formosanus_CF12_mitochondrial_COX1_gene_for_cytochrome_c_oxidase_subunit_1_partial_cds (identical to LC776385_1_Chordodes_formosanus_CF2_mitochondrial_COX1_gene_for_cytochrome_c_oxidase_subunit_1_partial_cds) is ignored but added at the end
NOTE: LC776397_1_Chordodes_formosanus_CF14_mitochondrial_COX1_gene_for_cytochrome_c_oxidase_subunit_1_partial_cds (identical to LC776385_1_Chordodes_formosanus_CF2_mitochondrial_COX1_gene_for_cytochrome_c_oxidase_subunit_1_partial_cds) is ignored but added at the end
NOTE: LC776400_1_Chordodes_formosanus_CF17_mitochondrial_COX1_gene_for_cytochrome_c_oxidase_subunit_1_partial_cds (identical to LC776385_1_Chordodes_formosanus_CF2_mitochondrial_COX1_gene_for_cytochrome_c_oxidase_subunit_1_partial_cds) is ignored but added at the end
NOTE: LC776401_1_Chordodes_formosanus_CF18_mitochondrial_COX1_gene_for_cytochrome_c_oxidase_subunit_1_partial_cds (identical to LC776385_1_Chordodes_formosanus_CF2_mitochondrial_COX1_gene_for_cytochrome_c_oxidase_subunit_1_partial_cds) is ignored but added at the end
NOTE: LC776402_1_Chordodes_formosanus_CF19_mitochondrial_COX1_gene_for_cytochrome_c_oxidase_subunit_1_partial_cds (identical to LC776385_1_Chordodes_formosanus_CF2_mitochondrial_COX1_gene_for_cytochrome_c_oxidase_subunit_1_partial_cds) is ignored but added at the end
NOTE: LC776404_1_Chordodes_formosanus_CF21_mitochondrial_COX1_gene_for_cytochrome_c_oxidase_subunit_1_partial_cds (identical to LC776385_1_Chordodes_formosanus_CF2_mitochondrial_COX1_gene_for_cytochrome_c_oxidase_subunit_1_partial_cds) is ignored but added at the end
NOTE: LC776408_1_Chordodes_formosanus_CF25_mitochondrial_COX1_gene_for_cytochrome_c_oxidase_subunit_1_partial_cds (identical to LC776385_1_Chordodes_formosanus_CF2_mitochondrial_COX1_gene_for_cytochrome_c_oxidase_subunit_1_partial_cds) is ignored but added at the end
NOTE: LC776409_1_Chordodes_formosanus_CF26_mitochondrial_COX1_gene_for_cytochrome_c_oxidase_subunit_1_partial_cds (identical to LC776385_1_Chordodes_formosanus_CF2_mitochondrial_COX1_gene_for_cytochrome_c_oxidase_subunit_1_partial_cds) is ignored but added at the end
NOTE: LC776410_1_Chordodes_formosanus_CF27_mitochondrial_COX1_gene_for_cytochrome_c_oxidase_subunit_1_partial_cds (identical to LC776385_1_Chordodes_formosanus_CF2_mitochondrial_COX1_gene_for_cytochrome_c_oxidase_subunit_1_partial_cds) is ignored but added at the end
NOTE: LC776412_1_Chordodes_formosanus_CF29_mitochondrial_COX1_gene_for_cytochrome_c_oxidase_subunit_1_partial_cds (identical to LC776385_1_Chordodes_formosanus_CF2_mitochondrial_COX1_gene_for_cytochrome_c_oxidase_subunit_1_partial_cds) is ignored but added at the end
NOTE: LC776416_1_Chordodes_japonensis_CJ4_mitochondrial_COX1_gene_for_cytochrome_c_oxidase_subunit_1_partial_cds (identical to LC776413_1_Chordodes_japonensis_CJ1_mitochondrial_COX1_gene_for_cytochrome_c_oxidase_subunit_1_partial_cds) is ignored but added at the end
NOTE: LC776418_1_Chordodes_japonensis_CJ6_mitochondrial_COX1_gene_for_cytochrome_c_oxidase_subunit_1_partial_cds (identical to LC776413_1_Chordodes_japonensis_CJ1_mitochondrial_COX1_gene_for_cytochrome_c_oxidase_subunit_1_partial_cds) is ignored but added at the end
NOTE: LC776419_1_Chordodes_japonensis_CJ7_mitochondrial_COX1_gene_for_cytochrome_c_oxidase_subunit_1_partial_cds (identical to LC776413_1_Chordodes_japonensis_CJ1_mitochondrial_COX1_gene_for_cytochrome_c_oxidase_subunit_1_partial_cds) is ignored but added at the end
NOTE: LC776422_1_Chordodes_japonensis_CJ10_mitochondrial_COX1_gene_for_cytochrome_c_oxidase_subunit_1_partial_cds (identical to LC776413_1_Chordodes_japonensis_CJ1_mitochondrial_COX1_gene_for_cytochrome_c_oxidase_subunit_1_partial_cds) is ignored but added at the end
NOTE: LC776423_1_Chordodes_japonensis_CJ11_mitochondrial_COX1_gene_for_cytochrome_c_oxidase_subunit_1_partial_cds (identical to LC776413_1_Chordodes_japonensis_CJ1_mitochondrial_COX1_gene_for_cytochrome_c_oxidase_subunit_1_partial_cds) is ignored but added at the end
NOTE: LC776425_1_Chordodes_japonensis_CJ13_mitochondrial_COX1_gene_for_cytochrome_c_oxidase_subunit_1_partial_cds (identical to LC776413_1_Chordodes_japonensis_CJ1_mitochondrial_COX1_gene_for_cytochrome_c_oxidase_subunit_1_partial_cds) is ignored but added at the end
NOTE: LC776428_1_Chordodes_japonensis_CJ16_mitochondrial_COX1_gene_for_cytochrome_c_oxidase_subunit_1_partial_cds (identical to LC776413_1_Chordodes_japonensis_CJ1_mitochondrial_COX1_gene_for_cytochrome_c_oxidase_subunit_1_partial_cds) is ignored but added at the end
NOTE: LC776430_1_Chordodes_japonensis_CJ18_mitochondrial_COX1_gene_for_cytochrome_c_oxidase_subunit_1_partial_cds (identical to LC776413_1_Chordodes_japonensis_CJ1_mitochondrial_COX1_gene_for_cytochrome_c_oxidase_subunit_1_partial_cds) is ignored but added at the end
NOTE: LC776431_1_Chordodes_japonensis_CJ19_mitochondrial_COX1_gene_for_cytochrome_c_oxidase_subunit_1_partial_cds (identical to LC776413_1_Chordodes_japonensis_CJ1_mitochondrial_COX1_gene_for_cytochrome_c_oxidase_subunit_1_partial_cds) is ignored but added at the end
NOTE: LC776439_1_Chordodes_japonensis_CJ27_mitochondrial_COX1_gene_for_cytochrome_c_oxidase_subunit_1_partial_cds (identical to LC776413_1_Chordodes_japonensis_CJ1_mitochondrial_COX1_gene_for_cytochrome_c_oxidase_subunit_1_partial_cds) is ignored but added at the end
NOTE: LC776440_1_Chordodes_japonensis_CJ28_mitochondrial_COX1_gene_for_cytochrome_c_oxidase_subunit_1_partial_cds (identical to LC776413_1_Chordodes_japonensis_CJ1_mitochondrial_COX1_gene_for_cytochrome_c_oxidase_subunit_1_partial_cds) is ignored but added at the end
NOTE: LC776441_1_Chordodes_japonensis_CJ29_mitochondrial_COX1_gene_for_cytochrome_c_oxidase_subunit_1_partial_cds (identical to LC776413_1_Chordodes_japonensis_CJ1_mitochondrial_COX1_gene_for_cytochrome_c_oxidase_subunit_1_partial_cds) is ignored but added at the end
NOTE: LC776442_1_Chordodes_japonensis_CJ30_mitochondrial_COX1_gene_for_cytochrome_c_oxidase_subunit_1_partial_cds (identical to LC776413_1_Chordodes_japonensis_CJ1_mitochondrial_COX1_gene_for_cytochrome_c_oxidase_subunit_1_partial_cds) is ignored but added at the end
NOTE: LC776443_1_Chordodes_japonensis_CJ31_mitochondrial_COX1_gene_for_cytochrome_c_oxidase_subunit_1_partial_cds (identical to LC776413_1_Chordodes_japonensis_CJ1_mitochondrial_COX1_gene_for_cytochrome_c_oxidase_subunit_1_partial_cds) is ignored but added at the end
NOTE: LC776448_1_Chordodes_japonensis_CJ36_mitochondrial_COX1_gene_for_cytochrome_c_oxidase_subunit_1_partial_cds (identical to LC776413_1_Chordodes_japonensis_CJ1_mitochondrial_COX1_gene_for_cytochrome_c_oxidase_subunit_1_partial_cds) is ignored but added at the end
NOTE: LC776455_1_Chordodes_japonensis_P7_mitochondrial_COX1_gene_for_cytochrome_c_oxidase_subunit_1_partial_cds (identical to LC776413_1_Chordodes_japonensis_CJ1_mitochondrial_COX1_gene_for_cytochrome_c_oxidase_subunit_1_partial_cds) is ignored but added at the end
NOTE: LC776457_1_Chordodes_japonensis_P9_mitochondrial_COX1_gene_for_cytochrome_c_oxidase_subunit_1_partial_cds (identical to LC776413_1_Chordodes_japonensis_CJ1_mitochondrial_COX1_gene_for_cytochrome_c_oxidase_subunit_1_partial_cds) is ignored but added at the end
NOTE: LC782468_1_Chordodes_sp__1-YT-2023_A47_mitochondrial_COI_gene_for_cytochrome_c_oxidase_subunit_I_partial_cds (identical to LC776413_1_Chordodes_japonensis_CJ1_mitochondrial_COX1_gene_for_cytochrome_c_oxidase_subunit_1_partial_cds) is ignored but added at the end
NOTE: LC782474_1_Chordodes_sp__1-YT-2023_A86_1_mitochondrial_COI_gene_for_cytochrome_c_oxidase_subunit_I_partial_cds (identical to LC776413_1_Chordodes_japonensis_CJ1_mitochondrial_COX1_gene_for_cytochrome_c_oxidase_subunit_1_partial_cds) is ignored but added at the end
NOTE: LC782477_1_Chordodes_sp__1-YT-2023_A96_mitochondrial_COI_gene_for_cytochrome_c_oxidase_subunit_I_partial_cds (identical to LC776413_1_Chordodes_japonensis_CJ1_mitochondrial_COX1_gene_for_cytochrome_c_oxidase_subunit_1_partial_cds) is ignored but added at the end
NOTE: SRR25249029 (identical to LC776413_1_Chordodes_japonensis_CJ1_mitochondrial_COX1_gene_for_cytochrome_c_oxidase_subunit_1_partial_cds) is ignored but added at the end
NOTE: SRR25249031 (identical to LC776413_1_Chordodes_japonensis_CJ1_mitochondrial_COX1_gene_for_cytochrome_c_oxidase_subunit_1_partial_cds) is ignored but added at the end
NOTE: SRR25249032 (identical to LC776413_1_Chordodes_japonensis_CJ1_mitochondrial_COX1_gene_for_cytochrome_c_oxidase_subunit_1_partial_cds) is ignored but added at the end
NOTE: SRR25249033 (identical to LC776413_1_Chordodes_japonensis_CJ1_mitochondrial_COX1_gene_for_cytochrome_c_oxidase_subunit_1_partial_cds) is ignored but added at the end
NOTE: SRR25249039 (identical to LC776413_1_Chordodes_japonensis_CJ1_mitochondrial_COX1_gene_for_cytochrome_c_oxidase_subunit_1_partial_cds) is ignored but added at the end
NOTE: LC776436_1_Chordodes_japonensis_CJ24_mitochondrial_COX1_gene_for_cytochrome_c_oxidase_subunit_1_partial_cds (identical to LC776421_1_Chordodes_japonensis_CJ9_mitochondrial_COX1_gene_for_cytochrome_c_oxidase_subunit_1_partial_cds) is ignored but added at the end
NOTE: LC776437_1_Chordodes_japonensis_CJ25_mitochondrial_COX1_gene_for_cytochrome_c_oxidase_subunit_1_partial_cds (identical to LC776421_1_Chordodes_japonensis_CJ9_mitochondrial_COX1_gene_for_cytochrome_c_oxidase_subunit_1_partial_cds) is ignored but added at the end
NOTE: LC776438_1_Chordodes_japonensis_CJ26_mitochondrial_COX1_gene_for_cytochrome_c_oxidase_subunit_1_partial_cds (identical to LC776421_1_Chordodes_japonensis_CJ9_mitochondrial_COX1_gene_for_cytochrome_c_oxidase_subunit_1_partial_cds) is ignored but added at the end
NOTE: LC776445_1_Chordodes_japonensis_CJ33_mitochondrial_COX1_gene_for_cytochrome_c_oxidase_subunit_1_partial_cds (identical to LC776421_1_Chordodes_japonensis_CJ9_mitochondrial_COX1_gene_for_cytochrome_c_oxidase_subunit_1_partial_cds) is ignored but added at the end
NOTE: LC782469_1_Chordodes_sp__1-YT-2023_A63_mitochondrial_COI_gene_for_cytochrome_c_oxidase_subunit_I_partial_cds (identical to LC776421_1_Chordodes_japonensis_CJ9_mitochondrial_COX1_gene_for_cytochrome_c_oxidase_subunit_1_partial_cds) is ignored but added at the end
NOTE: LC782475_1_Chordodes_sp__1-YT-2023_A92_3_mitochondrial_COI_gene_for_cytochrome_c_oxidase_subunit_I_partial_cds (identical to LC776421_1_Chordodes_japonensis_CJ9_mitochondrial_COX1_gene_for_cytochrome_c_oxidase_subunit_1_partial_cds) is ignored but added at the end
NOTE: LC782480_1_Chordodes_sp__1-YT-2023_A105_mitochondrial_COI_gene_for_cytochrome_c_oxidase_subunit_I_partial_cds (identical to LC776421_1_Chordodes_japonensis_CJ9_mitochondrial_COX1_gene_for_cytochrome_c_oxidase_subunit_1_partial_cds) is ignored but added at the end
NOTE: SRR25249035 (identical to LC776421_1_Chordodes_japonensis_CJ9_mitochondrial_COX1_gene_for_cytochrome_c_oxidase_subunit_1_partial_cds) is ignored but added at the end
NOTE: LC782484_1_Chordodes_sp__1-YT-2023_A83_mitochondrial_COI_gene_for_cytochrome_c_oxidase_subunit_I_partial_cds (identical to LC776444_1_Chordodes_japonensis_CJ32_mitochondrial_COX1_gene_for_cytochrome_c_oxidase_subunit_1_partial_cds) is ignored but added at the end
NOTE: LC782482_1_Chordodes_sp__3-YT-2023_A114_1_mitochondrial_COI_gene_for_cytochrome_c_oxidase_subunit_I_partial_cds (identical to LC782471_1_Chordodes_sp__3-YT-2023_A69_3_mitochondrial_COI_gene_for_cytochrome_c_oxidase_subunit_I_partial_cds) is ignored but added at the end
NOTE: LC782485_1_Chordodes_sp__3-YT-2023_A92_1_mitochondrial_COI_gene_for_cytochrome_c_oxidase_subunit_I_partial_cds (identical to LC782471_1_Chordodes_sp__3-YT-2023_A69_3_mitochondrial_COI_gene_for_cytochrome_c_oxidase_subunit_I_partial_cds) is ignored but added at the end
NOTE: LC782486_1_Chordodes_sp__3-YT-2023_A104_3_mitochondrial_COI_gene_for_cytochrome_c_oxidase_subunit_I_partial_cds (identical to LC782471_1_Chordodes_sp__3-YT-2023_A69_3_mitochondrial_COI_gene_for_cytochrome_c_oxidase_subunit_I_partial_cds) is ignored but added at the end
Alignment was printed to no_outgroup.fas.uniqueseq.phy

For your convenience alignment with unique sequences printed to no_outgroup.fas.uniqueseq.phy

Create initial parsimony tree by phylogenetic likelihood library (PLL)... 0.005 seconds
Generating 1000 samples for ultrafast bootstrap (seed: 1)...

NOTE: 0 MB RAM (0 GB) is required!
Estimate model parameters (epsilon = 0.100)
1. Initial log-likelihood: -1880.151
Optimal log-likelihood: -1877.274
Rate parameters:  A-C: 1.00000  A-G: 1.00000  A-T: 1.00000  C-G: 1.00000  C-T: 1.00000  G-T: 1.00000
Base frequencies:  A: 0.250  C: 0.250  G: 0.250  T: 0.250
Parameters optimization took 1 rounds (0.004 sec)
Wrote distance file to... 
Computing ML distances based on estimated model parameters...
Calculating distance matrix: done in 0.0137287 secs using 99.94% CPU
Computing ML distances took 0.014529 sec (of wall-clock time) 0.013997 sec (of CPU time)
Setting up auxiliary I and S matrices: done in 0.000230259 secs using 105.5% CPU
Constructing RapidNJ tree: done in 0.000606575 secs using 100.6% CPU
Computing RapidNJ tree took 0.001170 sec (of wall-clock time) 0.000955 sec (of CPU time)
Log-likelihood of RapidNJ tree: -1892.859
--------------------------------------------------------------------
|             INITIALIZING CANDIDATE TREE SET                      |
--------------------------------------------------------------------
Generating 98 parsimony trees... 0.342 second
Computing log-likelihood of 98 initial trees ... 0.106 seconds
Current best score: -1876.105

Do NNI search on 20 best initial trees
Optimizing NNI: done in 0.0417566 secs using 100% CPU
Estimate model parameters (epsilon = 0.100)
BETTER TREE FOUND at iteration 1: -1875.967
Optimizing NNI: done in 0.0156918 secs using 99.99% CPU
Optimizing NNI: done in 0.039764 secs using 100% CPU
Optimizing NNI: done in 0.0361896 secs using 100% CPU
Optimizing NNI: done in 0.0391497 secs using 100% CPU
Optimizing NNI: done in 0.0279252 secs using 100% CPU
Optimizing NNI: done in 0.0387983 secs using 100% CPU
Optimizing NNI: done in 0.0373862 secs using 100% CPU
Optimizing NNI: done in 0.0281156 secs using 100% CPU
Optimizing NNI: done in 0.0391517 secs using 100% CPU
Iteration 10 / LogL: -1877.483 / Time: 0h:0m:0s
Optimizing NNI: done in 0.0396848 secs using 100% CPU
Optimizing NNI: done in 0.0503568 secs using 100% CPU
Optimizing NNI: done in 0.0388337 secs using 100% CPU
Optimizing NNI: done in 0.0287757 secs using 99.99% CPU
Optimizing NNI: done in 0.029406 secs using 99.98% CPU
Optimizing NNI: done in 0.0381185 secs using 72.9% CPU
Optimizing NNI: done in 0.038644 secs using 99.99% CPU
Optimizing NNI: done in 0.0286312 secs using 100% CPU
Optimizing NNI: done in 0.0500391 secs using 79.89% CPU
Optimizing NNI: done in 0.0308958 secs using 99.68% CPU
Iteration 20 / LogL: -1882.671 / Time: 0h:0m:1s
Finish initializing candidate tree set (20)
Current best tree score: -1875.967 / CPU time: 1.203
Number of iterations: 20
--------------------------------------------------------------------
|               OPTIMIZING CANDIDATE TREE SET                      |
--------------------------------------------------------------------
Optimizing NNI: done in 0.0355747 secs using 99.67% CPU
Estimate model parameters (epsilon = 0.100)
BETTER TREE FOUND at iteration 21: -1875.401
Optimizing NNI: done in 0.039737 secs using 99.99% CPU
Optimizing NNI: done in 0.0285084 secs using 99.99% CPU
Optimizing NNI: done in 0.0561328 secs using 100% CPU
Optimizing NNI: done in 0.0376847 secs using 99.99% CPU
Optimizing NNI: done in 0.0299502 secs using 99.81% CPU
Optimizing NNI: done in 0.0410877 secs using 99.99% CPU
Optimizing NNI: done in 0.0409939 secs using 99.99% CPU
Optimizing NNI: done in 0.0372009 secs using 72.84% CPU
Optimizing NNI: done in 0.047513 secs using 99.99% CPU
Iteration 30 / LogL: -1875.404 / Time: 0h:0m:1s (0h:0m:5s left)
Optimizing NNI: done in 0.0401892 secs using 99.99% CPU
Optimizing NNI: done in 0.0293022 secs using 76.78% CPU
Optimizing NNI: done in 0.0562386 secs using 99.99% CPU
Optimizing NNI: done in 0.0386779 secs using 99.99% CPU
Optimizing NNI: done in 0.0497733 secs using 81.68% CPU
Optimizing NNI: done in 0.0353904 secs using 99.97% CPU
Optimizing NNI: done in 0.0393742 secs using 99.99% CPU
Optimizing NNI: done in 0.0221778 secs using 55.17% CPU
Optimizing NNI: done in 0.0324178 secs using 99.63% CPU
Optimizing NNI: done in 0.0456573 secs using 99.99% CPU
Iteration 40 / LogL: -1877.292 / Time: 0h:0m:2s (0h:0m:4s left)
Optimizing NNI: done in 0.0318936 secs using 99.99% CPU
Optimizing NNI: done in 0.0410351 secs using 99.99% CPU
Optimizing NNI: done in 0.0298569 secs using 67.18% CPU
Optimizing NNI: done in 0.0346154 secs using 99.99% CPU
Optimizing NNI: done in 0.0509892 secs using 99.94% CPU
Optimizing NNI: done in 0.0342611 secs using 99.99% CPU
Optimizing NNI: done in 0.0311947 secs using 67.67% CPU
Optimizing NNI: done in 0.0360604 secs using 71.96% CPU
Optimizing NNI: done in 0.0436231 secs using 99.99% CPU
Optimizing NNI: done in 0.0300022 secs using 99.96% CPU
Iteration 50 / LogL: -1882.557 / Time: 0h:0m:2s (0h:0m:3s left)
Log-likelihood cutoff on original alignment: -1909.259
Optimizing NNI: done in 0.0478128 secs using 99.61% CPU
Optimizing NNI: done in 0.0486772 secs using 99.99% CPU
Optimizing NNI: done in 0.0561917 secs using 99.99% CPU
Optimizing NNI: done in 0.0324969 secs using 99.99% CPU
Optimizing NNI: done in 0.0432457 secs using 99.99% CPU
Optimizing NNI: done in 0.0441755 secs using 99.99% CPU
Optimizing NNI: done in 0.0322137 secs using 99.99% CPU
Optimizing NNI: done in 0.0408037 secs using 99.99% CPU
Optimizing NNI: done in 0.0343258 secs using 71.82% CPU
Optimizing NNI: done in 0.0305847 secs using 99.73% CPU
Iteration 60 / LogL: -1875.536 / Time: 0h:0m:3s (0h:0m:3s left)
Optimizing NNI: done in 0.0284987 secs using 99.98% CPU
Optimizing NNI: done in 0.055993 secs using 99.99% CPU
Optimizing NNI: done in 0.045854 secs using 99.99% CPU
Optimizing NNI: done in 0.0191761 secs using 99.97% CPU
Optimizing NNI: done in 0.0415008 secs using 76.21% CPU
Optimizing NNI: done in 0.036987 secs using 99.9% CPU
Optimizing NNI: done in 0.0460706 secs using 78.11% CPU
Optimizing NNI: done in 0.0379353 secs using 99.99% CPU
Optimizing NNI: done in 0.0296651 secs using 66.65% CPU
Optimizing NNI: done in 0.0373771 secs using 73.38% CPU
Iteration 70 / LogL: -1875.407 / Time: 0h:0m:3s (0h:0m:2s left)
Optimizing NNI: done in 0.0468519 secs using 99.9% CPU
Optimizing NNI: done in 0.0434012 secs using 99.99% CPU
Optimizing NNI: done in 0.0405111 secs using 99.99% CPU
Optimizing NNI: done in 0.0279748 secs using 99.99% CPU
Optimizing NNI: done in 0.0472553 secs using 78.93% CPU
Optimizing NNI: done in 0.0239638 secs using 58.85% CPU
Optimizing NNI: done in 0.0446807 secs using 99.89% CPU
Optimizing NNI: done in 0.0267793 secs using 69.73% CPU
Optimizing NNI: done in 0.0448379 secs using 99.94% CPU
Optimizing NNI: done in 0.0328022 secs using 99.91% CPU
Iteration 80 / LogL: -1875.408 / Time: 0h:0m:4s (0h:0m:2s left)
Optimizing NNI: done in 0.0689577 secs using 99.99% CPU
Optimizing NNI: done in 0.0288182 secs using 99.99% CPU
Optimizing NNI: done in 0.0251372 secs using 99.98% CPU
Optimizing NNI: done in 0.0385097 secs using 99.99% CPU
Optimizing NNI: done in 0.0305527 secs using 99.99% CPU
Optimizing NNI: done in 0.0261297 secs using 62.34% CPU
Optimizing NNI: done in 0.0329761 secs using 99.91% CPU
Optimizing NNI: done in 0.040068 secs using 99.99% CPU
Optimizing NNI: done in 0.0182889 secs using 99.98% CPU
Optimizing NNI: done in 0.0351927 secs using 99.99% CPU
Iteration 90 / LogL: -1880.599 / Time: 0h:0m:4s (0h:0m:1s left)
Optimizing NNI: done in 0.0170249 secs using 99.9% CPU
Optimizing NNI: done in 0.0407122 secs using 99.89% CPU
Optimizing NNI: done in 0.0345914 secs using 99.99% CPU
Optimizing NNI: done in 0.025447 secs using 60.84% CPU
Optimizing NNI: done in 0.0385386 secs using 99.99% CPU
Optimizing NNI: done in 0.0319748 secs using 99.98% CPU
Optimizing NNI: done in 0.0337797 secs using 99.99% CPU
Optimizing NNI: done in 0.0281902 secs using 99.99% CPU
Optimizing NNI: done in 0.0353018 secs using 99.99% CPU
Optimizing NNI: done in 0.0336258 secs using 99.98% CPU
Iteration 100 / LogL: -1881.454 / Time: 0h:0m:4s (0h:0m:1s left)
Log-likelihood cutoff on original alignment: -1909.259
NOTE: Bootstrap correlation coefficient of split occurrence frequencies: 0.998
Optimizing NNI: done in 0.0287973 secs using 99.99% CPU
Optimizing NNI: done in 0.028498 secs using 99.98% CPU
Optimizing NNI: done in 0.0329699 secs using 99.99% CPU
Optimizing NNI: done in 0.0398536 secs using 99.99% CPU
Optimizing NNI: done in 0.0340862 secs using 99.99% CPU
Optimizing NNI: done in 0.0427595 secs using 99.99% CPU
Optimizing NNI: done in 0.0323483 secs using 99.99% CPU
Optimizing NNI: done in 0.0528919 secs using 99.99% CPU
Optimizing NNI: done in 0.0349502 secs using 72.5% CPU
Optimizing NNI: done in 0.0344476 secs using 70.86% CPU
Iteration 110 / LogL: -1898.947 / Time: 0h:0m:5s (0h:0m:4s left)
Optimizing NNI: done in 0.0447145 secs using 99.99% CPU
Optimizing NNI: done in 0.0398838 secs using 99.99% CPU
Optimizing NNI: done in 0.0533589 secs using 81.3% CPU
Optimizing NNI: done in 0.0353525 secs using 99.99% CPU
Optimizing NNI: done in 0.0424594 secs using 99.99% CPU
Optimizing NNI: done in 0.0265067 secs using 63.28% CPU
Optimizing NNI: done in 0.0241081 secs using 99.98% CPU
Optimizing NNI: done in 0.0356621 secs using 99.99% CPU
Optimizing NNI: done in 0.0329889 secs using 99.99% CPU
Optimizing NNI: done in 0.0337344 secs using 99.99% CPU
Iteration 120 / LogL: -1875.411 / Time: 0h:0m:5s (0h:0m:4s left)
Optimizing NNI: done in 0.0354979 secs using 99.99% CPU
Optimizing NNI: done in 0.0214848 secs using 99.98% CPU
TREE SEARCH COMPLETED AFTER 122 ITERATIONS / Time: 0h:0m:6s

--------------------------------------------------------------------
|                    FINALIZING TREE SEARCH                        |
--------------------------------------------------------------------
Performs final model parameters optimization
Estimate model parameters (epsilon = 0.010)
1. Initial log-likelihood: -1875.401
Optimal log-likelihood: -1875.401
Rate parameters:  A-C: 1.00000  A-G: 1.00000  A-T: 1.00000  C-G: 1.00000  C-T: 1.00000  G-T: 1.00000
Base frequencies:  A: 0.250  C: 0.250  G: 0.250  T: 0.250
Parameters optimization took 1 rounds (0.003 sec)
BEST SCORE FOUND : -1875.401
Creating bootstrap support values...
Split supports printed to NEXUS file no_outgroup.fas.splits.nex
Total tree length: 0.775

Total number of iterations: 122
CPU time used for tree search: 5.681 sec (0h:0m:5s)
Wall-clock time used for tree search: 5.982 sec (0h:0m:5s)
Total CPU time used: 5.895 sec (0h:0m:5s)
Total wall-clock time used: 6.365 sec (0h:0m:6s)

Computing bootstrap consensus tree...
Reading input file no_outgroup.fas.splits.nex...
100 taxa and 1777 splits.
Consensus tree written to no_outgroup.fas.contree
Reading input trees file no_outgroup.fas.contree
Log-likelihood of consensus tree: -1876.160

Analysis results written to: 
  IQ-TREE report:                no_outgroup.fas.iqtree
  Maximum-likelihood tree:       no_outgroup.fas.treefile
  Likelihood distances:          no_outgroup.fas.mldist

Ultrafast bootstrap approximation results written to:
  Split support values:          no_outgroup.fas.splits.nex
  Consensus tree:                no_outgroup.fas.contree
  Screen log file:               no_outgroup.fas.log

Date and Time: Sat Nov 30 17:01:09 2024
