****                   ADMIXTURE Version 1.3.0                  ****
****                    Copyright 2008-2015                     ****
****           David Alexander, Suyash Shringarpure,            ****
****                John  Novembre, Ken Lange                   ****
****                                                            ****
****                 Please cite our paper!                     ****
****   Information at www.genetics.ucla.edu/software/admixture  ****

Cross-validation will be performed.  Folds=5.
Random seed: 43
Point estimation method: Block relaxation algorithm
Convergence acceleration algorithm: QuasiNewton, 3 secant conditions
Point estimation will terminate when objective function delta < 0.0001
Estimation of standard errors disabled; will compute point estimates only.
Size of G: 24x1282
Performing five EM steps to prime main algorithm
1 (EM) 	Elapsed: 0	Loglikelihood: -11163.7	(delta): 35527.4
2 (EM) 	Elapsed: 0	Loglikelihood: -10360.8	(delta): 802.854
3 (EM) 	Elapsed: 0	Loglikelihood: -10192.8	(delta): 168.021
4 (EM) 	Elapsed: 0	Loglikelihood: -10095.6	(delta): 97.2678
5 (EM) 	Elapsed: 0	Loglikelihood: -10028.5	(delta): 67.044
Initial loglikelihood: -10028.5
Starting main algorithm
1 (QN/Block) 	Elapsed: 0.003	Loglikelihood: -8679.24	(delta): 1349.27
2 (QN/Block) 	Elapsed: 0.003	Loglikelihood: -7959.05	(delta): 720.187
3 (QN/Block) 	Elapsed: 0.005	Loglikelihood: -7745.55	(delta): 213.508
4 (QN/Block) 	Elapsed: 0.003	Loglikelihood: -7618.78	(delta): 126.766
5 (QN/Block) 	Elapsed: 0.004	Loglikelihood: -7523.97	(delta): 94.8111
6 (QN/Block) 	Elapsed: 0.004	Loglikelihood: -7467.3	(delta): 56.6728
7 (QN/Block) 	Elapsed: 0.004	Loglikelihood: -7444.8	(delta): 22.499
8 (QN/Block) 	Elapsed: 0.005	Loglikelihood: -7444.21	(delta): 0.586184
9 (QN/Block) 	Elapsed: 0.004	Loglikelihood: -7444.21	(delta): 0.000275045
10 (QN/Block) 	Elapsed: 0.004	Loglikelihood: -7444.21	(delta): 2.97743e-05
Summary: 
Converged in 10 iterations (0.051 sec)
Loglikelihood: -7444.210877
Fst divergences between estimated populations: 
	Pop0	
Pop0	
Pop1	0.252	
CV error (K=2): 0.56622
Writing output files.
