****                   ADMIXTURE Version 1.3.0                  ****
****                    Copyright 2008-2015                     ****
****           David Alexander, Suyash Shringarpure,            ****
****                John  Novembre, Ken Lange                   ****
****                                                            ****
****                 Please cite our paper!                     ****
****   Information at www.genetics.ucla.edu/software/admixture  ****

Cross-validation will be performed.  Folds=5.
Random seed: 43
Point estimation method: Block relaxation algorithm
Convergence acceleration algorithm: QuasiNewton, 3 secant conditions
Point estimation will terminate when objective function delta < 0.0001
Estimation of standard errors disabled; will compute point estimates only.
Size of G: 24x1282
Performing five EM steps to prime main algorithm
1 (EM) 	Elapsed: 0.001	Loglikelihood: -11332.6	(delta): 32180.2
2 (EM) 	Elapsed: 0.001	Loglikelihood: -10232.9	(delta): 1099.65
3 (EM) 	Elapsed: 0.001	Loglikelihood: -9955.07	(delta): 277.85
4 (EM) 	Elapsed: 0.001	Loglikelihood: -9775.13	(delta): 179.946
5 (EM) 	Elapsed: 0.001	Loglikelihood: -9633.01	(delta): 142.12
Initial loglikelihood: -9633.01
Starting main algorithm
1 (QN/Block) 	Elapsed: 0.006	Loglikelihood: -7681.8	(delta): 1951.21
2 (QN/Block) 	Elapsed: 0.005	Loglikelihood: -7043.66	(delta): 638.137
3 (QN/Block) 	Elapsed: 0.007	Loglikelihood: -6830.26	(delta): 213.397
4 (QN/Block) 	Elapsed: 0.006	Loglikelihood: -6721.78	(delta): 108.485
5 (QN/Block) 	Elapsed: 0.006	Loglikelihood: -6659.79	(delta): 61.9888
6 (QN/Block) 	Elapsed: 0.006	Loglikelihood: -6632.41	(delta): 27.3771
7 (QN/Block) 	Elapsed: 0.006	Loglikelihood: -6628.66	(delta): 3.75159
8 (QN/Block) 	Elapsed: 0.006	Loglikelihood: -6628.65	(delta): 0.0133879
9 (QN/Block) 	Elapsed: 0.007	Loglikelihood: -6628.65	(delta): 3.63798e-12
Summary: 
Converged in 9 iterations (0.067 sec)
Loglikelihood: -6628.646237
Fst divergences between estimated populations: 
	Pop0	Pop1	
Pop0	
Pop1	0.165	
Pop2	0.297	0.327	
CV error (K=3): 0.75462
Writing output files.
