****                   ADMIXTURE Version 1.3.0                  ****
****                    Copyright 2008-2015                     ****
****           David Alexander, Suyash Shringarpure,            ****
****                John  Novembre, Ken Lange                   ****
****                                                            ****
****                 Please cite our paper!                     ****
****   Information at www.genetics.ucla.edu/software/admixture  ****

Cross-validation will be performed.  Folds=5.
Random seed: 43
Point estimation method: Block relaxation algorithm
Convergence acceleration algorithm: QuasiNewton, 3 secant conditions
Point estimation will terminate when objective function delta < 0.0001
Estimation of standard errors disabled; will compute point estimates only.
Size of G: 27x1282
Performing five EM steps to prime main algorithm
1 (EM) 	Elapsed: 0.001	Loglikelihood: -12929	(delta): 35014.1
2 (EM) 	Elapsed: 0.001	Loglikelihood: -11741.9	(delta): 1187.11
3 (EM) 	Elapsed: 0.001	Loglikelihood: -11467.7	(delta): 274.191
4 (EM) 	Elapsed: 0.001	Loglikelihood: -11295.1	(delta): 172.638
5 (EM) 	Elapsed: 0.001	Loglikelihood: -11157.3	(delta): 137.816
Initial loglikelihood: -11157.3
Starting main algorithm
1 (QN/Block) 	Elapsed: 0.005	Loglikelihood: -9053.59	(delta): 2103.66
2 (QN/Block) 	Elapsed: 0.005	Loglikelihood: -8303.97	(delta): 749.621
3 (QN/Block) 	Elapsed: 0.006	Loglikelihood: -8002.57	(delta): 301.4
4 (QN/Block) 	Elapsed: 0.005	Loglikelihood: -7868.89	(delta): 133.674
5 (QN/Block) 	Elapsed: 0.005	Loglikelihood: -7778.93	(delta): 89.9637
6 (QN/Block) 	Elapsed: 0.006	Loglikelihood: -7760.47	(delta): 18.4626
7 (QN/Block) 	Elapsed: 0.006	Loglikelihood: -7758.01	(delta): 2.45986
8 (QN/Block) 	Elapsed: 0.005	Loglikelihood: -7757.99	(delta): 0.0156831
9 (QN/Block) 	Elapsed: 0.005	Loglikelihood: -7757.99	(delta): 3.64229e-06
Summary: 
Converged in 9 iterations (0.062 sec)
Loglikelihood: -7757.992983
Fst divergences between estimated populations: 
	Pop0	Pop1	
Pop0	
Pop1	0.137	
Pop2	0.302	0.288	
CV error (K=3): 0.72913
Writing output files.
